<?xml version="1.0" encoding="UTF-8"?>
<!-- Generated by org.testng.reporters.JUnitReportReporter -->
<testsuite skipped="3" hostname="DESKTOP-1BDQC6B" name="testcases.FindCarTest" tests="4" failures="0" timestamp="23 Jun 2020 15:07:23 GMT" time="13.463" errors="0">
  <testcase name="findCarTest" time="0.000" classname="testcases.FindCarTest">
    <skipped/>
  </testcase> <!-- findCarTest -->
  <testcase name="findCarTest" time="0.001" classname="testcases.FindCarTest">
    <skipped/>
  </testcase> <!-- findCarTest -->
  <testcase name="findCarTest" time="0.001" classname="testcases.FindCarTest">
    <skipped/>
  </testcase> <!-- findCarTest -->
  <testcase name="findCarTest" time="13.461" classname="testcases.FindCarTest"/>
</testsuite> <!-- testcases.FindCarTest -->
